<?xml version="1.0" encoding="UTF-8"?>
<!-- Generated by org.testng.reporters.JUnitReportReporter -->
<testsuite hostname="DESKTOP-D3NJUQ1" failures="0" tests="1" name="TestRunner.Run" time="31.508" errors="0" timestamp="2024-11-08T20:06:38 IST" skipped="0">
  <testcase classname="TestRunner.Run" name="runScenario" time="31.508"/>
</testsuite> <!-- TestRunner.Run -->
